* using log directory ‘/Users/sarahszvetecz/Desktop/R/R_Dev/MSstatsResponse/MSstatsResponse.Rcheck’
* using R version 4.5.0 (2025-04-11)
* using platform: aarch64-apple-darwin20
* R was compiled by
    Apple clang version 14.0.0 (clang-1400.0.29.202)
    GNU Fortran (GCC) 14.2.0
* running under: macOS Ventura 13.6.7
* using session charset: UTF-8
* using options ‘--no-manual --as-cran’
* checking for file ‘MSstatsResponse/DESCRIPTION’ ... OK
* checking extension type ... Package
* this is package ‘MSstatsResponse’ version ‘0.99.0’
* package encoding: UTF-8
* checking package namespace information ... OK
* checking package dependencies ... OK
* checking if this is a source package ... OK
* checking if there is a namespace ... OK
* checking for executable files ... OK
* checking for hidden files and directories ... OK
* checking for portable file names ... OK
* checking for sufficient/correct file permissions ... OK
* checking whether package ‘MSstatsResponse’ can be installed ... WARNING
Found the following significant warnings:
  Warning: replacing previous import ‘data.table::first’ by ‘dplyr::first’ when loading ‘MSstatsResponse’
  Warning: replacing previous import ‘data.table::last’ by ‘dplyr::last’ when loading ‘MSstatsResponse’
  Warning: replacing previous import ‘data.table::between’ by ‘dplyr::between’ when loading ‘MSstatsResponse’
  Warning: replacing previous import ‘data.table::transpose’ by ‘purrr::transpose’ when loading ‘MSstatsResponse’
See ‘/Users/sarahszvetecz/Desktop/R/R_Dev/MSstatsResponse/MSstatsResponse.Rcheck/00install.out’ for details.
* checking installed package size ... OK
* checking package directory ... OK
* checking for future file timestamps ... OK
* checking ‘build’ directory ... OK
* checking DESCRIPTION meta-information ... OK
* checking top-level files ... OK
* checking for left-over files ... OK
* checking index information ... OK
* checking package subdirectories ... OK
* checking code files for non-ASCII characters ... OK
* checking R files for syntax errors ... OK
* checking whether the package can be loaded ... OK
* checking whether the package can be loaded with stated dependencies ... OK
* checking whether the package can be unloaded cleanly ... OK
* checking whether the namespace can be loaded with stated dependencies ... OK
* checking whether the namespace can be unloaded cleanly ... OK
* checking dependencies in R code ... OK
* checking S3 generic/method consistency ... OK
* checking replacement functions ... OK
* checking foreign function calls ... OK
* checking R code for possible problems ... OK
* checking Rd files ... OK
* checking Rd metadata ... OK
* checking Rd line widths ... OK
* checking Rd cross-references ... OK
* checking for missing documentation entries ... OK
* checking for code/documentation mismatches ... OK
* checking Rd \usage sections ... OK
* checking Rd contents ... OK
* checking for unstated dependencies in examples ... OK
* checking installed files from ‘inst/doc’ ... OK
* checking files in ‘vignettes’ ... OK
* checking examples ... NONE
* checking for unstated dependencies in vignettes ... OK
* checking package vignettes ... OK
* checking re-building of vignette outputs ... [26s/26s] OK
* checking for non-standard things in the check directory ... OK
* checking for detritus in the temp directory ... OK
* DONE
Status: 1 WARNING
