* installing *source* package ‘MSstatsResponse’ ...
** this is package ‘MSstatsResponse’ version ‘0.99.0’
** using staged installation
** R
** inst
** byte-compile and prepare package for lazy loading
Warning: replacing previous import ‘data.table::first’ by ‘dplyr::first’ when loading ‘MSstatsResponse’
Warning: replacing previous import ‘data.table::last’ by ‘dplyr::last’ when loading ‘MSstatsResponse’
Warning: replacing previous import ‘data.table::between’ by ‘dplyr::between’ when loading ‘MSstatsResponse’
Warning: replacing previous import ‘data.table::transpose’ by ‘purrr::transpose’ when loading ‘MSstatsResponse’
** help
*** installing help indices
** building package indices
** installing vignettes
** testing if installed package can be loaded from temporary location
Warning: replacing previous import ‘data.table::first’ by ‘dplyr::first’ when loading ‘MSstatsResponse’
Warning: replacing previous import ‘data.table::last’ by ‘dplyr::last’ when loading ‘MSstatsResponse’
Warning: replacing previous import ‘data.table::between’ by ‘dplyr::between’ when loading ‘MSstatsResponse’
Warning: replacing previous import ‘data.table::transpose’ by ‘purrr::transpose’ when loading ‘MSstatsResponse’
** testing if installed package can be loaded from final location
Warning: replacing previous import ‘data.table::first’ by ‘dplyr::first’ when loading ‘MSstatsResponse’
Warning: replacing previous import ‘data.table::last’ by ‘dplyr::last’ when loading ‘MSstatsResponse’
Warning: replacing previous import ‘data.table::between’ by ‘dplyr::between’ when loading ‘MSstatsResponse’
Warning: replacing previous import ‘data.table::transpose’ by ‘purrr::transpose’ when loading ‘MSstatsResponse’
** testing if installed package keeps a record of temporary installation path
* DONE (MSstatsResponse)
